<?xml version="1.0" encoding="utf-8"?>
<coverage line-rate="1" branch-rate="1" version="1.9" timestamp="1687787823" lines-covered="31" lines-valid="31" branches-covered="32" branches-valid="32">
  <sources>
    <source>D:\</source>
  </sources>
  <packages>
    <package name="SquareEquationLib" line-rate="1" branch-rate="1" complexity="32">
      <classes>
        <class name="SquareEquationLib.SquareEquation" filename="2-й симестр\Лето\OmSTU-AMCS-SummerPractice2023\OmSTU-AMCS-SummerPractice2023\SquareEquationLib\SquareEquation.cs" line-rate="1" branch-rate="1" complexity="32">
          <methods>
            <method name="Solve" signature="(System.Double,System.Double,System.Double)" line-rate="1" branch-rate="1" complexity="32">
              <lines>
                <line number="6" hits="16" branch="False" />
                <line number="8" hits="16" branch="False" />
                <line number="9" hits="16" branch="True" condition-coverage="100% (10/10)">
                  <conditions>
                    <condition number="18" type="jump" coverage="100%" />
                    <condition number="26" type="jump" coverage="100%" />
                    <condition number="34" type="jump" coverage="100%" />
                    <condition number="42" type="jump" coverage="100%" />
                    <condition number="55" type="jump" coverage="100%" />
                  </conditions>
                </line>
                <line number="10" hits="4" branch="False" />
                <line number="11" hits="12" branch="True" condition-coverage="100% (8/8)">
                  <conditions>
                    <condition number="69" type="jump" coverage="100%" />
                    <condition number="77" type="jump" coverage="100%" />
                    <condition number="85" type="jump" coverage="100%" />
                    <condition number="100" type="jump" coverage="100%" />
                  </conditions>
                </line>
                <line number="12" hits="3" branch="False" />
                <line number="13" hits="9" branch="True" condition-coverage="100% (8/8)">
                  <conditions>
                    <condition number="114" type="jump" coverage="100%" />
                    <condition number="122" type="jump" coverage="100%" />
                    <condition number="130" type="jump" coverage="100%" />
                    <condition number="145" type="jump" coverage="100%" />
                  </conditions>
                </line>
                <line number="14" hits="3" branch="False" />
                <line number="15" hits="6" branch="False" />
                <line number="16" hits="6" branch="False" />
                <line number="17" hits="6" branch="True" condition-coverage="100% (2/2)">
                  <conditions>
                    <condition number="191" type="jump" coverage="100%" />
                  </conditions>
                </line>
                <line number="18" hits="3" branch="False" />
                <line number="19" hits="3" branch="False" />
                <line number="20" hits="3" branch="False" />
                <line number="21" hits="3" branch="False" />
                <line number="22" hits="6" branch="True" condition-coverage="100% (2/2)">
                  <conditions>
                    <condition number="225" type="jump" coverage="100%" />
                  </conditions>
                </line>
                <line number="23" hits="1" branch="False" />
                <line number="24" hits="1" branch="False" />
                <line number="25" hits="1" branch="False" />
                <line number="26" hits="1" branch="False" />
                <line number="27" hits="1" branch="False" />
                <line number="28" hits="1" branch="False" />
                <line number="29" hits="5" branch="True" condition-coverage="100% (2/2)">
                  <conditions>
                    <condition number="286" type="jump" coverage="100%" />
                  </conditions>
                </line>
                <line number="30" hits="1" branch="False" />
                <line number="31" hits="1" branch="False" />
                <line number="32" hits="1" branch="False" />
                <line number="33" hits="1" branch="False" />
                <line number="34" hits="1" branch="False" />
                <line number="35" hits="1" branch="False" />
                <line number="36" hits="6" branch="False" />
                <line number="37" hits="6" branch="False" />
              </lines>
            </method>
          </methods>
          <lines>
            <line number="6" hits="16" branch="False" />
            <line number="8" hits="16" branch="False" />
            <line number="9" hits="16" branch="True" condition-coverage="100% (10/10)">
              <conditions>
                <condition number="18" type="jump" coverage="100%" />
                <condition number="26" type="jump" coverage="100%" />
                <condition number="34" type="jump" coverage="100%" />
                <condition number="42" type="jump" coverage="100%" />
                <condition number="55" type="jump" coverage="100%" />
              </conditions>
            </line>
            <line number="10" hits="4" branch="False" />
            <line number="11" hits="12" branch="True" condition-coverage="100% (8/8)">
              <conditions>
                <condition number="69" type="jump" coverage="100%" />
                <condition number="77" type="jump" coverage="100%" />
                <condition number="85" type="jump" coverage="100%" />
                <condition number="100" type="jump" coverage="100%" />
              </conditions>
            </line>
            <line number="12" hits="3" branch="False" />
            <line number="13" hits="9" branch="True" condition-coverage="100% (8/8)">
              <conditions>
                <condition number="114" type="jump" coverage="100%" />
                <condition number="122" type="jump" coverage="100%" />
                <condition number="130" type="jump" coverage="100%" />
                <condition number="145" type="jump" coverage="100%" />
              </conditions>
            </line>
            <line number="14" hits="3" branch="False" />
            <line number="15" hits="6" branch="False" />
            <line number="16" hits="6" branch="False" />
            <line number="17" hits="6" branch="True" condition-coverage="100% (2/2)">
              <conditions>
                <condition number="191" type="jump" coverage="100%" />
              </conditions>
            </line>
            <line number="18" hits="3" branch="False" />
            <line number="19" hits="3" branch="False" />
            <line number="20" hits="3" branch="False" />
            <line number="21" hits="3" branch="False" />
            <line number="22" hits="6" branch="True" condition-coverage="100% (2/2)">
              <conditions>
                <condition number="225" type="jump" coverage="100%" />
              </conditions>
            </line>
            <line number="23" hits="1" branch="False" />
            <line number="24" hits="1" branch="False" />
            <line number="25" hits="1" branch="False" />
            <line number="26" hits="1" branch="False" />
            <line number="27" hits="1" branch="False" />
            <line number="28" hits="1" branch="False" />
            <line number="29" hits="5" branch="True" condition-coverage="100% (2/2)">
              <conditions>
                <condition number="286" type="jump" coverage="100%" />
              </conditions>
            </line>
            <line number="30" hits="1" branch="False" />
            <line number="31" hits="1" branch="False" />
            <line number="32" hits="1" branch="False" />
            <line number="33" hits="1" branch="False" />
            <line number="34" hits="1" branch="False" />
            <line number="35" hits="1" branch="False" />
            <line number="36" hits="6" branch="False" />
            <line number="37" hits="6" branch="False" />
          </lines>
        </class>
      </classes>
    </package>
  </packages>
</coverage>